Error in <TTree::SetBranchStatus>: unknown branch -> maxBrempos
Error in <TTree::SetBranchStatus>: unknown branch -> maxBrempos
dcap://cluster142.knu.ac.kr//pnfs/knu.ac.kr/data/cms/store/user/jhkim/SingleE_FlatPt-2to100/SingleElectron_200PU_PhaseIIFall17D/180829_174202/0000/SingleEle200PU__1.root
dcap://cluster142.knu.ac.kr//pnfs/knu.ac.kr/data/cms/store/user/jhkim/SingleE_FlatPt-2to100/SingleElectron_200PU_PhaseIIFall17D/180829_174202/0000/SingleEle200PU__38.root
(test &) @0x7fc5730d0000
Processing entry 0/1429

     pT: 36.9848

38.3276

Comparision of phi
  Gen-level direction: -0.794007
  PropGen-level direction: -0.773845
  L1-EG-object direction: -0.774964
   Pixel vertex-1st phi: -0.793639
   Pixel vertex-2nd phi: -0.793098
   Pixel vertex-3rd phi: -0.79233
   Pixel 1st-2nd phi: -0.792697
   Pixel 1st-3rd phi: -0.79187
   Pixel 2nd-3rd phi: -0.791122

=======================================================

Comparision of eta
  Gen-level direction: 0.481043
  PropGen-level direction: 0.482574
  L1-EG-object direction: 0.488514
   Pixel vertex-1st phi: 0.481123
   Pixel vertex-2nd phi: 0.481232
   Pixel vertex-3rd phi: 0.48111
   Pixel 1st-2nd phi: 0.481313
   Pixel 1st-3rd phi: 0.481106
   Pixel 2nd-3rd phi: 0.480917

