Error in <TTree::SetBranchStatus>: unknown branch -> run
Error in <TTree::SetBranchStatus>: unknown branch -> event
Error in <TTree::SetBranchStatus>: unknown branch -> pileup
Error in <TTree::SetBranchStatus>: unknown branch -> beamSpotX0
Error in <TTree::SetBranchStatus>: unknown branch -> beamSpotY0
Error in <TTree::SetBranchStatus>: unknown branch -> beamSpotZ0
Error in <TTree::SetBranchStatus>: unknown branch -> beamSpotX0Error
Error in <TTree::SetBranchStatus>: unknown branch -> beamSpotY0Error
Error in <TTree::SetBranchStatus>: unknown branch -> beamSpotZ0Error
Error in <TTree::SetBranchStatus>: unknown branch -> beamWidthX
Error in <TTree::SetBranchStatus>: unknown branch -> beamWidthY
Error in <TTree::SetBranchStatus>: unknown branch -> beamSigmaZ
Error in <TTree::SetBranchStatus>: unknown branch -> beamWidthXError
Error in <TTree::SetBranchStatus>: unknown branch -> beamWidthYError
Error in <TTree::SetBranchStatus>: unknown branch -> beamSigmaZError
Error in <TTree::SetBranchStatus>: unknown branch -> propgenElPartId
Error in <TTree::SetBranchStatus>: unknown branch -> egCrysN
Error in <TTree::SetBranchStatus>: unknown branch -> egHoE
Error in <TTree::SetBranchStatus>: unknown branch -> clusterHoE
Error in <TTree::SetBranchStatus>: unknown branch -> seedHoE
Error in <TTree::SetBranchStatus>: unknown branch -> clusterIsEG
Error in <TTree::SetBranchStatus>: unknown branch -> seedIsEG
Error in <TTree::SetBranchStatus>: unknown branch -> TriggerTower_IsBarrel
Error in <TTree::SetBranchStatus>: unknown branch -> seedHadEt
Error in <TTree::SetBranchStatus>: unknown branch -> seedEmEt
Error in <TTree::SetBranchStatus>: unknown branch -> HadEt
Error in <TTree::SetBranchStatus>: unknown branch -> EmEt
Error in <TTree::SetBranchStatus>: unknown branch -> l1tkegN
Error in <TTree::SetBranchStatus>: unknown branch -> l1tkegEta
Error in <TTree::SetBranchStatus>: unknown branch -> l1tkegEt
Error in <TTree::SetBranchStatus>: unknown branch -> l1tkegPhi
Error in <TTree::SetBranchStatus>: unknown branch -> l1tkegIsoN
Error in <TTree::SetBranchStatus>: unknown branch -> l1tkegIsoEta
Error in <TTree::SetBranchStatus>: unknown branch -> l1tkegIsoEt
Error in <TTree::SetBranchStatus>: unknown branch -> l1tkegIsoPhi
Error in <TTree::SetBranchStatus>: unknown branch -> egE
Error in <TTree::SetBranchStatus>: unknown branch -> run
Error in <TTree::SetBranchStatus>: unknown branch -> event
Error in <TTree::SetBranchStatus>: unknown branch -> pileup
Error in <TTree::SetBranchStatus>: unknown branch -> beamSpotX0
Error in <TTree::SetBranchStatus>: unknown branch -> beamSpotY0
Error in <TTree::SetBranchStatus>: unknown branch -> beamSpotZ0
Error in <TTree::SetBranchStatus>: unknown branch -> beamSpotX0Error
Error in <TTree::SetBranchStatus>: unknown branch -> beamSpotY0Error
Error in <TTree::SetBranchStatus>: unknown branch -> beamSpotZ0Error
Error in <TTree::SetBranchStatus>: unknown branch -> beamWidthX
Error in <TTree::SetBranchStatus>: unknown branch -> beamWidthY
Error in <TTree::SetBranchStatus>: unknown branch -> beamSigmaZ
Error in <TTree::SetBranchStatus>: unknown branch -> beamWidthXError
Error in <TTree::SetBranchStatus>: unknown branch -> beamWidthYError
Error in <TTree::SetBranchStatus>: unknown branch -> beamSigmaZError
Error in <TTree::SetBranchStatus>: unknown branch -> propgenElPartId
Error in <TTree::SetBranchStatus>: unknown branch -> egCrysN
Error in <TTree::SetBranchStatus>: unknown branch -> egHoE
Error in <TTree::SetBranchStatus>: unknown branch -> clusterHoE
Error in <TTree::SetBranchStatus>: unknown branch -> seedHoE
Error in <TTree::SetBranchStatus>: unknown branch -> clusterIsEG
Error in <TTree::SetBranchStatus>: unknown branch -> seedIsEG
Error in <TTree::SetBranchStatus>: unknown branch -> TriggerTower_IsBarrel
Error in <TTree::SetBranchStatus>: unknown branch -> seedHadEt
Error in <TTree::SetBranchStatus>: unknown branch -> seedEmEt
Error in <TTree::SetBranchStatus>: unknown branch -> HadEt
Error in <TTree::SetBranchStatus>: unknown branch -> EmEt
Error in <TTree::SetBranchStatus>: unknown branch -> l1tkegN
Error in <TTree::SetBranchStatus>: unknown branch -> l1tkegEta
Error in <TTree::SetBranchStatus>: unknown branch -> l1tkegEt
Error in <TTree::SetBranchStatus>: unknown branch -> l1tkegPhi
Error in <TTree::SetBranchStatus>: unknown branch -> l1tkegIsoN
Error in <TTree::SetBranchStatus>: unknown branch -> l1tkegIsoEta
Error in <TTree::SetBranchStatus>: unknown branch -> l1tkegIsoEt
Error in <TTree::SetBranchStatus>: unknown branch -> l1tkegIsoPhi
Error in <TTree::SetBranchStatus>: unknown branch -> egE
dcap://cluster142.knu.ac.kr//pnfs/knu.ac.kr/data/cms/store/user/jhkim/SingleNeutrino/SingleNeutrino_200PU_PhaseIIFall17D/180829_180356/0000/SingleNeutrino200PU__102.root
dcap://cluster142.knu.ac.kr//pnfs/knu.ac.kr/data/cms/store/user/jhkim/SingleNeutrino/SingleNeutrino_200PU_PhaseIIFall17D/180829_180356/0000/SingleNeutrino200PU__103.root
dcap://cluster142.knu.ac.kr//pnfs/knu.ac.kr/data/cms/store/user/jhkim/SingleNeutrino/SingleNeutrino_200PU_PhaseIIFall17D/180829_180356/0000/SingleNeutrino200PU__91.root
(test &) @0x7f66e86cb000
Processing entry 577/2400
Number of tracks: 5

